{"E:\\1MinuteZen\\1MinuteZen\\.eslintrc.js": {"path":"E:\\1MinuteZen\\1MinuteZen\\.eslintrc.js","statementMap":{"0":{"start":{"line":1,"column":0},"end":{"line":55,"column":2}}},"fnMap":{},"branchMap":{},"s":{"0":0},"f":{},"b":{}}
,"E:\\1MinuteZen\\1MinuteZen\\App.js": {"path":"E:\\1MinuteZen\\1MinuteZen\\App.js","statementMap":{"0":{"start":{"line":10,"column":46},"end":{"line":10,"column":61}},"1":{"start":{"line":11,"column":34},"end":{"line":11,"column":46}},"2":{"start":{"line":12,"column":40},"end":{"line":12,"column":55}},"3":{"start":{"line":13,"column":52},"end":{"line":13,"column":67}},"4":{"start":{"line":16,"column":2},"end":{"line":29,"column":9}},"5":{"start":{"line":17,"column":24},"end":{"line":20,"column":5}},"6":{"start":{"line":18,"column":6},"end":{"line":18,"column":47}},"7":{"start":{"line":23,"column":25},"end":{"line":23,"column":72}},"8":{"start":{"line":25,"column":4},"end":{"line":28,"column":6}},"9":{"start":{"line":27,"column":6},"end":{"line":27,"column":55}},"10":{"start":{"line":31,"column":2},"end":{"line":61,"column":33}},"11":{"start":{"line":34,"column":4},"end":{"line":54,"column":5}},"12":{"start":{"line":35,"column":6},"end":{"line":50,"column":7}},"13":{"start":{"line":36,"column":8},"end":{"line":49,"column":17}},"14":{"start":{"line":37,"column":10},"end":{"line":48,"column":13}},"15":{"start":{"line":38,"column":28},"end":{"line":38,"column":36}},"16":{"start":{"line":39,"column":12},"end":{"line":46,"column":13}},"17":{"start":{"line":40,"column":14},"end":{"line":40,"column":39}},"18":{"start":{"line":41,"column":14},"end":{"line":41,"column":35}},"19":{"start":{"line":43,"column":14},"end":{"line":44,"column":72}},"20":{"start":{"line":44,"column":32},"end":{"line":44,"column":70}},"21":{"start":{"line":45,"column":14},"end":{"line":45,"column":23}},"22":{"start":{"line":47,"column":12},"end":{"line":47,"column":27}},"23":{"start":{"line":52,"column":6},"end":{"line":52,"column":43}},"24":{"start":{"line":53,"column":6},"end":{"line":53,"column":31}},"25":{"start":{"line":56,"column":4},"end":{"line":60,"column":6}},"26":{"start":{"line":57,"column":6},"end":{"line":59,"column":7}},"27":{"start":{"line":58,"column":8},"end":{"line":58,"column":29}},"28":{"start":{"line":63,"column":21},"end":{"line":74,"column":3}},"29":{"start":{"line":64,"column":4},"end":{"line":73,"column":5}},"30":{"start":{"line":65,"column":6},"end":{"line":65,"column":30}},"31":{"start":{"line":66,"column":6},"end":{"line":66,"column":28}},"32":{"start":{"line":67,"column":6},"end":{"line":67,"column":22}},"33":{"start":{"line":68,"column":6},"end":{"line":68,"column":67}},"34":{"start":{"line":70,"column":6},"end":{"line":70,"column":49}},"35":{"start":{"line":72,"column":6},"end":{"line":72,"column":31}},"36":{"start":{"line":76,"column":21},"end":{"line":85,"column":3}},"37":{"start":{"line":77,"column":4},"end":{"line":84,"column":5}},"38":{"start":{"line":78,"column":6},"end":{"line":78,"column":31}},"39":{"start":{"line":79,"column":6},"end":{"line":79,"column":28}},"40":{"start":{"line":80,"column":6},"end":{"line":80,"column":22}},"41":{"start":{"line":81,"column":6},"end":{"line":81,"column":67}},"42":{"start":{"line":83,"column":6},"end":{"line":83,"column":49}},"43":{"start":{"line":87,"column":21},"end":{"line":96,"column":3}},"44":{"start":{"line":88,"column":4},"end":{"line":95,"column":5}},"45":{"start":{"line":89,"column":19},"end":{"line":89,"column":43}},"46":{"start":{"line":90,"column":19},"end":{"line":90,"column":31}},"47":{"start":{"line":91,"column":6},"end":{"line":91,"column":59}},"48":{"start":{"line":93,"column":6},"end":{"line":93,"column":49}},"49":{"start":{"line":94,"column":6},"end":{"line":94,"column":20}},"50":{"start":{"line":98,"column":2},"end":{"line":183,"column":4}},"51":{"start":{"line":167,"column":25},"end":{"line":167,"column":51}},"52":{"start":{"line":180,"column":38},"end":{"line":180,"column":65}},"53":{"start":{"line":188,"column":2},"end":{"line":192,"column":4}},"54":{"start":{"line":195,"column":15},"end":{"line":321,"column":2}}},"fnMap":{"0":{"name":"App","decl":{"start":{"line":9,"column":9},"end":{"line":9,"column":12}},"loc":{"start":{"line":9,"column":15},"end":{"line":184,"column":1}},"line":9},"1":{"name":"(anonymous_1)","decl":{"start":{"line":16,"column":12},"end":{"line":16,"column":13}},"loc":{"start":{"line":16,"column":18},"end":{"line":29,"column":3}},"line":16},"2":{"name":"(anonymous_2)","decl":{"start":{"line":17,"column":24},"end":{"line":17,"column":25}},"loc":{"start":{"line":17,"column":35},"end":{"line":20,"column":5}},"line":17},"3":{"name":"(anonymous_3)","decl":{"start":{"line":25,"column":11},"end":{"line":25,"column":12}},"loc":{"start":{"line":25,"column":17},"end":{"line":28,"column":5}},"line":25},"4":{"name":"(anonymous_4)","decl":{"start":{"line":31,"column":12},"end":{"line":31,"column":13}},"loc":{"start":{"line":31,"column":18},"end":{"line":61,"column":3}},"line":31},"5":{"name":"(anonymous_5)","decl":{"start":{"line":36,"column":28},"end":{"line":36,"column":29}},"loc":{"start":{"line":36,"column":34},"end":{"line":49,"column":9}},"line":36},"6":{"name":"(anonymous_6)","decl":{"start":{"line":37,"column":22},"end":{"line":37,"column":23}},"loc":{"start":{"line":37,"column":32},"end":{"line":48,"column":11}},"line":37},"7":{"name":"(anonymous_7)","decl":{"start":{"line":44,"column":23},"end":{"line":44,"column":24}},"loc":{"start":{"line":44,"column":32},"end":{"line":44,"column":70}},"line":44},"8":{"name":"(anonymous_8)","decl":{"start":{"line":56,"column":11},"end":{"line":56,"column":12}},"loc":{"start":{"line":56,"column":17},"end":{"line":60,"column":5}},"line":56},"9":{"name":"(anonymous_9)","decl":{"start":{"line":63,"column":21},"end":{"line":63,"column":22}},"loc":{"start":{"line":63,"column":33},"end":{"line":74,"column":3}},"line":63},"10":{"name":"(anonymous_10)","decl":{"start":{"line":76,"column":21},"end":{"line":76,"column":22}},"loc":{"start":{"line":76,"column":33},"end":{"line":85,"column":3}},"line":76},"11":{"name":"(anonymous_11)","decl":{"start":{"line":87,"column":21},"end":{"line":87,"column":22}},"loc":{"start":{"line":87,"column":34},"end":{"line":96,"column":3}},"line":87},"12":{"name":"(anonymous_12)","decl":{"start":{"line":167,"column":19},"end":{"line":167,"column":20}},"loc":{"start":{"line":167,"column":25},"end":{"line":167,"column":51}},"line":167},"13":{"name":"(anonymous_13)","decl":{"start":{"line":180,"column":32},"end":{"line":180,"column":33}},"loc":{"start":{"line":180,"column":38},"end":{"line":180,"column":65}},"line":180},"14":{"name":"AppContainer","decl":{"start":{"line":187,"column":24},"end":{"line":187,"column":36}},"loc":{"start":{"line":187,"column":39},"end":{"line":193,"column":1}},"line":187}},"branchMap":{"0":{"loc":{"start":{"line":35,"column":6},"end":{"line":50,"column":7}},"type":"if","locations":[{"start":{"line":35,"column":6},"end":{"line":50,"column":7}},{"start":{},"end":{}}],"line":35},"1":{"loc":{"start":{"line":35,"column":10},"end":{"line":35,"column":40}},"type":"binary-expr","locations":[{"start":{"line":35,"column":10},"end":{"line":35,"column":24}},{"start":{"line":35,"column":28},"end":{"line":35,"column":40}}],"line":35},"2":{"loc":{"start":{"line":39,"column":12},"end":{"line":46,"column":13}},"type":"if","locations":[{"start":{"line":39,"column":12},"end":{"line":46,"column":13}},{"start":{},"end":{}}],"line":39},"3":{"loc":{"start":{"line":57,"column":6},"end":{"line":59,"column":7}},"type":"if","locations":[{"start":{"line":57,"column":6},"end":{"line":59,"column":7}},{"start":{},"end":{}}],"line":57},"4":{"loc":{"start":{"line":111,"column":11},"end":{"line":161,"column":11}},"type":"cond-expr","locations":[{"start":{"line":112,"column":12},"end":{"line":127,"column":19}},{"start":{"line":129,"column":12},"end":{"line":160,"column":19}}],"line":111},"5":{"loc":{"start":{"line":135,"column":19},"end":{"line":143,"column":19}},"type":"binary-expr","locations":[{"start":{"line":135,"column":19},"end":{"line":135,"column":33}},{"start":{"line":136,"column":20},"end":{"line":142,"column":39}}],"line":135},"6":{"loc":{"start":{"line":145,"column":17},"end":{"line":147,"column":17}},"type":"binary-expr","locations":[{"start":{"line":145,"column":17},"end":{"line":145,"column":31}},{"start":{"line":146,"column":18},"end":{"line":146,"column":75}}],"line":145},"7":{"loc":{"start":{"line":151,"column":39},"end":{"line":151,"column":78}},"type":"binary-expr","locations":[{"start":{"line":151,"column":39},"end":{"line":151,"column":53}},{"start":{"line":151,"column":57},"end":{"line":151,"column":78}}],"line":151},"8":{"loc":{"start":{"line":157,"column":19},"end":{"line":157,"column":61}},"type":"cond-expr","locations":[{"start":{"line":157,"column":36},"end":{"line":157,"column":51}},{"start":{"line":157,"column":54},"end":{"line":157,"column":61}}],"line":157}},"s":{"0":0,"1":0,"2":0,"3":0,"4":0,"5":0,"6":0,"7":0,"8":0,"9":0,"10":0,"11":0,"12":0,"13":0,"14":0,"15":0,"16":0,"17":0,"18":0,"19":0,"20":0,"21":0,"22":0,"23":0,"24":0,"25":0,"26":0,"27":0,"28":0,"29":0,"30":0,"31":0,"32":0,"33":0,"34":0,"35":0,"36":0,"37":0,"38":0,"39":0,"40":0,"41":0,"42":0,"43":0,"44":0,"45":0,"46":0,"47":0,"48":0,"49":0,"50":0,"51":0,"52":0,"53":0,"54":0},"f":{"0":0,"1":0,"2":0,"3":0,"4":0,"5":0,"6":0,"7":0,"8":0,"9":0,"10":0,"11":0,"12":0,"13":0,"14":0},"b":{"0":[0,0],"1":[0,0],"2":[0,0],"3":[0,0],"4":[0,0],"5":[0,0],"6":[0,0],"7":[0,0],"8":[0,0]}}
,"E:\\1MinuteZen\\1MinuteZen\\index.js": {"path":"E:\\1MinuteZen\\1MinuteZen\\index.js","statementMap":{"0":{"start":{"line":5,"column":0},"end":{"line":5,"column":27}}},"fnMap":{},"branchMap":{},"s":{"0":0},"f":{},"b":{}}
,"E:\\1MinuteZen\\1MinuteZen\\jest.config.js": {"path":"E:\\1MinuteZen\\1MinuteZen\\jest.config.js","statementMap":{"0":{"start":{"line":1,"column":0},"end":{"line":16,"column":2}}},"fnMap":{},"branchMap":{},"s":{"0":0},"f":{},"b":{}}
,"E:\\1MinuteZen\\1MinuteZen\\components\\BreathingCircle.js": {"path":"E:\\1MinuteZen\\1MinuteZen\\components\\BreathingCircle.js","statementMap":{"0":{"start":{"line":14,"column":16},"end":{"line":14,"column":33}},"1":{"start":{"line":15,"column":18},"end":{"line":15,"column":37}},"2":{"start":{"line":16,"column":29},"end":{"line":16,"column":41}},"3":{"start":{"line":19,"column":22},"end":{"line":22,"column":5}},"4":{"start":{"line":19,"column":46},"end":{"line":22,"column":3}},"5":{"start":{"line":24,"column":27},"end":{"line":26,"column":5}},"6":{"start":{"line":24,"column":51},"end":{"line":26,"column":3}},"7":{"start":{"line":28,"column":2},"end":{"line":95,"column":33}},"8":{"start":{"line":29,"column":4},"end":{"line":86,"column":5}},"9":{"start":{"line":30,"column":6},"end":{"line":30,"column":46}},"10":{"start":{"line":33,"column":6},"end":{"line":58,"column":8}},"11":{"start":{"line":61,"column":6},"end":{"line":70,"column":8}},"12":{"start":{"line":73,"column":6},"end":{"line":73,"column":29}},"13":{"start":{"line":74,"column":6},"end":{"line":74,"column":31}},"14":{"start":{"line":77,"column":6},"end":{"line":80,"column":9}},"15":{"start":{"line":81,"column":6},"end":{"line":83,"column":9}},"16":{"start":{"line":85,"column":6},"end":{"line":85,"column":40}},"17":{"start":{"line":89,"column":4},"end":{"line":94,"column":6}},"18":{"start":{"line":90,"column":6},"end":{"line":93,"column":7}},"19":{"start":{"line":91,"column":8},"end":{"line":91,"column":31}},"20":{"start":{"line":92,"column":8},"end":{"line":92,"column":33}},"21":{"start":{"line":98,"column":28},"end":{"line":108,"column":3}},"22":{"start":{"line":99,"column":4},"end":{"line":99,"column":60}},"23":{"start":{"line":99,"column":50},"end":{"line":99,"column":60}},"24":{"start":{"line":101,"column":20},"end":{"line":101,"column":69}},"25":{"start":{"line":102,"column":20},"end":{"line":102,"column":34}},"26":{"start":{"line":104,"column":4},"end":{"line":104,"column":41}},"27":{"start":{"line":104,"column":21},"end":{"line":104,"column":41}},"28":{"start":{"line":105,"column":4},"end":{"line":105,"column":35}},"29":{"start":{"line":105,"column":21},"end":{"line":105,"column":35}},"30":{"start":{"line":106,"column":4},"end":{"line":106,"column":43}},"31":{"start":{"line":106,"column":22},"end":{"line":106,"column":43}},"32":{"start":{"line":107,"column":4},"end":{"line":107,"column":18}},"33":{"start":{"line":110,"column":2},"end":{"line":131,"column":4}},"34":{"start":{"line":134,"column":15},"end":{"line":176,"column":2}}},"fnMap":{"0":{"name":"BreathingCircle","decl":{"start":{"line":13,"column":24},"end":{"line":13,"column":39}},"loc":{"start":{"line":13,"column":54},"end":{"line":132,"column":1}},"line":13},"1":{"name":"(anonymous_1)","decl":{"start":{"line":19,"column":39},"end":{"line":19,"column":40}},"loc":{"start":{"line":19,"column":46},"end":{"line":22,"column":3}},"line":19},"2":{"name":"(anonymous_2)","decl":{"start":{"line":24,"column":44},"end":{"line":24,"column":45}},"loc":{"start":{"line":24,"column":51},"end":{"line":26,"column":3}},"line":24},"3":{"name":"(anonymous_3)","decl":{"start":{"line":28,"column":12},"end":{"line":28,"column":13}},"loc":{"start":{"line":28,"column":18},"end":{"line":95,"column":3}},"line":28},"4":{"name":"(anonymous_4)","decl":{"start":{"line":89,"column":11},"end":{"line":89,"column":12}},"loc":{"start":{"line":89,"column":17},"end":{"line":94,"column":5}},"line":89},"5":{"name":"(anonymous_5)","decl":{"start":{"line":98,"column":28},"end":{"line":98,"column":29}},"loc":{"start":{"line":98,"column":34},"end":{"line":108,"column":3}},"line":98}},"branchMap":{"0":{"loc":{"start":{"line":29,"column":4},"end":{"line":86,"column":5}},"type":"if","locations":[{"start":{"line":29,"column":4},"end":{"line":86,"column":5}},{"start":{"line":71,"column":11},"end":{"line":86,"column":5}}],"line":29},"1":{"loc":{"start":{"line":90,"column":6},"end":{"line":93,"column":7}},"type":"if","locations":[{"start":{"line":90,"column":6},"end":{"line":93,"column":7}},{"start":{},"end":{}}],"line":90},"2":{"loc":{"start":{"line":99,"column":4},"end":{"line":99,"column":60}},"type":"if","locations":[{"start":{"line":99,"column":4},"end":{"line":99,"column":60}},{"start":{},"end":{}}],"line":99},"3":{"loc":{"start":{"line":99,"column":8},"end":{"line":99,"column":48}},"type":"binary-expr","locations":[{"start":{"line":99,"column":8},"end":{"line":99,"column":17}},{"start":{"line":99,"column":21},"end":{"line":99,"column":48}}],"line":99},"4":{"loc":{"start":{"line":104,"column":4},"end":{"line":104,"column":41}},"type":"if","locations":[{"start":{"line":104,"column":4},"end":{"line":104,"column":41}},{"start":{},"end":{}}],"line":104},"5":{"loc":{"start":{"line":105,"column":4},"end":{"line":105,"column":35}},"type":"if","locations":[{"start":{"line":105,"column":4},"end":{"line":105,"column":35}},{"start":{},"end":{}}],"line":105},"6":{"loc":{"start":{"line":106,"column":4},"end":{"line":106,"column":43}},"type":"if","locations":[{"start":{"line":106,"column":4},"end":{"line":106,"column":43}},{"start":{},"end":{}}],"line":106},"7":{"loc":{"start":{"line":119,"column":7},"end":{"line":123,"column":7}},"type":"binary-expr","locations":[{"start":{"line":119,"column":7},"end":{"line":119,"column":15}},{"start":{"line":120,"column":8},"end":{"line":122,"column":15}}],"line":119},"8":{"loc":{"start":{"line":125,"column":7},"end":{"line":129,"column":7}},"type":"binary-expr","locations":[{"start":{"line":125,"column":7},"end":{"line":125,"column":16}},{"start":{"line":126,"column":8},"end":{"line":128,"column":15}}],"line":125}},"s":{"0":2,"1":2,"2":2,"3":2,"4":2,"5":2,"6":2,"7":2,"8":2,"9":1,"10":1,"11":1,"12":1,"13":1,"14":1,"15":1,"16":1,"17":2,"18":2,"19":1,"20":1,"21":2,"22":1,"23":1,"24":0,"25":0,"26":0,"27":0,"28":0,"29":0,"30":0,"31":0,"32":0,"33":2,"34":1},"f":{"0":2,"1":2,"2":2,"3":2,"4":2,"5":1},"b":{"0":[1,1],"1":[1,1],"2":[1,0],"3":[1,1],"4":[0,0],"5":[0,0],"6":[0,0],"7":[2,1],"8":[2,1]},"_coverageSchema":"1a1c01bbd47fc00a2c39e90264f33305004495a9","hash":"71c990b7cab03babb0be6d294723875304dc3f51"}
,"E:\\1MinuteZen\\1MinuteZen\\components\\ErrorBoundary.js": {"path":"E:\\1MinuteZen\\1MinuteZen\\components\\ErrorBoundary.js","statementMap":{"0":{"start":{"line":6,"column":4},"end":{"line":6,"column":17}},"1":{"start":{"line":7,"column":4},"end":{"line":7,"column":50}},"2":{"start":{"line":11,"column":4},"end":{"line":11,"column":37}},"3":{"start":{"line":16,"column":4},"end":{"line":16,"column":39}},"4":{"start":{"line":17,"column":4},"end":{"line":17,"column":44}},"5":{"start":{"line":20,"column":18},"end":{"line":23,"column":3}},"6":{"start":{"line":22,"column":4},"end":{"line":22,"column":52}},"7":{"start":{"line":26,"column":4},"end":{"line":41,"column":5}},"8":{"start":{"line":27,"column":6},"end":{"line":40,"column":8}},"9":{"start":{"line":43,"column":4},"end":{"line":43,"column":31}},"10":{"start":{"line":47,"column":15},"end":{"line":78,"column":2}}},"fnMap":{"0":{"name":"(anonymous_0)","decl":{"start":{"line":5,"column":2},"end":{"line":5,"column":3}},"loc":{"start":{"line":5,"column":21},"end":{"line":8,"column":3}},"line":5},"1":{"name":"(anonymous_1)","decl":{"start":{"line":10,"column":2},"end":{"line":10,"column":3}},"loc":{"start":{"line":10,"column":41},"end":{"line":12,"column":3}},"line":10},"2":{"name":"(anonymous_2)","decl":{"start":{"line":14,"column":2},"end":{"line":14,"column":3}},"loc":{"start":{"line":14,"column":38},"end":{"line":18,"column":3}},"line":14},"3":{"name":"(anonymous_3)","decl":{"start":{"line":20,"column":18},"end":{"line":20,"column":19}},"loc":{"start":{"line":20,"column":24},"end":{"line":23,"column":3}},"line":20},"4":{"name":"(anonymous_4)","decl":{"start":{"line":25,"column":2},"end":{"line":25,"column":3}},"loc":{"start":{"line":25,"column":11},"end":{"line":44,"column":3}},"line":25}},"branchMap":{"0":{"loc":{"start":{"line":26,"column":4},"end":{"line":41,"column":5}},"type":"if","locations":[{"start":{"line":26,"column":4},"end":{"line":41,"column":5}},{"start":{},"end":{}}],"line":26}},"s":{"0":0,"1":0,"2":0,"3":0,"4":0,"5":0,"6":0,"7":0,"8":0,"9":0,"10":0},"f":{"0":0,"1":0,"2":0,"3":0,"4":0},"b":{"0":[0,0]}}
,"E:\\1MinuteZen\\1MinuteZen\\components\\PrivacyPolicy.js": {"path":"E:\\1MinuteZen\\1MinuteZen\\components\\PrivacyPolicy.js","statementMap":{"0":{"start":{"line":6,"column":2},"end":{"line":45,"column":4}},"1":{"start":{"line":48,"column":15},"end":{"line":97,"column":2}}},"fnMap":{"0":{"name":"PrivacyPolicy","decl":{"start":{"line":5,"column":24},"end":{"line":5,"column":37}},"loc":{"start":{"line":5,"column":51},"end":{"line":46,"column":1}},"line":5}},"branchMap":{},"s":{"0":2,"1":1},"f":{"0":2},"b":{},"_coverageSchema":"1a1c01bbd47fc00a2c39e90264f33305004495a9","hash":"f77e4674bf2eabd3090e12f2d9e20202b04d8975"}
}
